<?xml version="1.0" encoding="UTF-8" ?>
<testsuite tests="10" failures="0" name="com.tsi.training.charlie_gilliland.minesweeper.tests.GridTest" time="0.02" errors="0" skipped="0">
  <properties>
    <property name="java.runtime.name" value="Java(TM) SE Runtime Environment"/>
    <property name="java.vm.version" value="17.0.1+12-LTS-39"/>
    <property name="sun.boot.library.path" value="C:\Program Files\Java\jdk-17.0.1\bin"/>
    <property name="maven.multiModuleProjectDirectory" value="D:/softwareinstitute/minesweeper"/>
    <property name="java.vm.vendor" value="Oracle Corporation"/>
    <property name="java.vendor.url" value="https://java.oracle.com/"/>
    <property name="guice.disable.misplaced.annotation.check" value="true"/>
    <property name="path.separator" value=";"/>
    <property name="java.vm.name" value="Java HotSpot(TM) 64-Bit Server VM"/>
    <property name="sun.os.patch.level" value=""/>
    <property name="user.script" value=""/>
    <property name="user.country" value="GB"/>
    <property name="sun.java.launcher" value="SUN_STANDARD"/>
    <property name="java.vm.specification.name" value="Java Virtual Machine Specification"/>
    <property name="user.dir" value="D:\softwareinstitute\minesweeper"/>
    <property name="java.vm.compressedOopsMode" value="32-bit"/>
    <property name="java.runtime.version" value="17.0.1+12-LTS-39"/>
    <property name="os.arch" value="amd64"/>
    <property name="java.io.tmpdir" value="C:\Users\GAMING~1\AppData\Local\Temp\"/>
    <property name="line.separator" value="
"/>
    <property name="java.vm.specification.vendor" value="Oracle Corporation"/>
    <property name="user.variant" value=""/>
    <property name="os.name" value="Windows 10"/>
    <property name="classworlds.conf" value="C:/Program Files/apache-maven-3.8.3/bin/m2.conf"/>
    <property name="sun.jnu.encoding" value="Cp1252"/>
    <property name="java.library.path" value="C:\Program Files\Java\jdk-17.0.1\bin;C:\Windows\Sun\Java\bin;C:\Windows\system32;C:\Windows;C:\Users\Gaming pc\bin;C:\Program Files\Git\mingw64\bin;C:\Program Files\Git\usr\local\bin;C:\Program Files\Git\usr\bin;C:\Program Files\Git\usr\bin;C:\Program Files\Git\mingw64\bin;C:\Program Files\Git\usr\bin;C:\Users\Gaming pc\bin;C:\Program Files\Common Files\Oracle\Java\javapath;C:\Program Files (x86)\Common Files\Oracle\Java\javapath;C:\Windows\system32;C:\Windows;C:\Windows\System32\Wbem;C:\Windows\System32\WindowsPowerShell\v1.0;C:\Windows\System32\OpenSSH;C:\Program Files (x86)\NVIDIA Corporation\PhysX\Common;C:\Program Files\NVIDIA Corporation\NVIDIA NvDLISR;C:\Program Files\dotnet;C:\Program Files\Microsoft SQL Server\130\Tools\Binn;C:\Program Files\Microsoft SQL Server\Client SDK\ODBC\170\Tools\Binn;C:\Program Files (x86)\Microsoft SQL Server\150\Tools\Binn;C:\Program Files\Microsoft SQL Server\150\Tools\Binn;C:\Program Files\Microsoft SQL Server\150\DTS\Binn;C:\Program Files (x86)\Microsoft SQL Server\150\DTS\Binn;C:\Program Files\Azure Data Studio\bin;C:\Program Files\nodejs;C:\Program Files\Git\cmd;C:\Program Files\Java\jdk-17.0.1\bin;C:\Program Files\apache-maven-3.8.3\bin;C:\Users\Gaming pc\AppData\Local\Microsoft\WindowsApps;C:\Users\Gaming pc\.dotnet\tools;C:\Program Files\Azure Data Studio\bin;C:\Users\Gaming pc\AppData\Local\Programs\Microsoft VS Code\bin;C:\Users\Gaming pc\AppData\Roaming\npm;C:\Program Files\Git\usr\bin\vendor_perl;C:\Program Files\Git\usr\bin\core_perl;."/>
    <property name="maven.conf" value="C:/Program Files/apache-maven-3.8.3/conf"/>
    <property name="jdk.debug" value="release"/>
    <property name="java.class.version" value="61.0"/>
    <property name="java.specification.name" value="Java Platform API Specification"/>
    <property name="sun.management.compiler" value="HotSpot 64-Bit Tiered Compilers"/>
    <property name="os.version" value="10.0"/>
    <property name="library.jansi.path" value="C:/Program Files/apache-maven-3.8.3/lib/jansi-native"/>
    <property name="user.home" value="C:\Users\Gaming pc"/>
    <property name="user.timezone" value="Europe/London"/>
    <property name="file.encoding" value="Cp1252"/>
    <property name="java.specification.version" value="17"/>
    <property name="user.name" value="Gaming pc"/>
    <property name="java.class.path" value="C:/Program Files/apache-maven-3.8.3/boot/plexus-classworlds-2.6.0.jar"/>
    <property name="java.vm.specification.version" value="17"/>
    <property name="sun.arch.data.model" value="64"/>
    <property name="sun.java.command" value="org.codehaus.plexus.classworlds.launcher.Launcher clean test"/>
    <property name="java.home" value="C:\Program Files\Java\jdk-17.0.1"/>
    <property name="user.language" value="en"/>
    <property name="java.specification.vendor" value="Oracle Corporation"/>
    <property name="java.vm.info" value="mixed mode, sharing"/>
    <property name="java.version" value="17.0.1"/>
    <property name="native.encoding" value="Cp1252"/>
    <property name="java.vendor" value="Oracle Corporation"/>
    <property name="maven.home" value="C:\Program Files\apache-maven-3.8.3"/>
    <property name="file.separator" value="\"/>
    <property name="java.version.date" value="2021-10-19"/>
    <property name="java.vendor.url.bug" value="https://bugreport.java.com/bugreport/"/>
    <property name="sun.io.unicode.encoding" value="UnicodeLittle"/>
    <property name="sun.cpu.endian" value="little"/>
    <property name="sun.cpu.isalist" value="amd64"/>
  </properties>
  <testcase classname="com.tsi.training.charlie_gilliland.minesweeper.tests.GridTest" name="com.tsi.training.charlie_gilliland.minesweeper.tests.GridTest.testSetDifficulty" time="0.013"/>
  <testcase classname="com.tsi.training.charlie_gilliland.minesweeper.tests.GridTest" name="com.tsi.training.charlie_gilliland.minesweeper.tests.GridTest.testToString" time="0.004"/>
  <testcase classname="com.tsi.training.charlie_gilliland.minesweeper.tests.GridTest" name="com.tsi.training.charlie_gilliland.minesweeper.tests.GridTest.testAssignBombs" time="0"/>
  <testcase classname="com.tsi.training.charlie_gilliland.minesweeper.tests.GridTest" name="com.tsi.training.charlie_gilliland.minesweeper.tests.GridTest.testGetWholeGrid" time="0"/>
  <testcase classname="com.tsi.training.charlie_gilliland.minesweeper.tests.GridTest" name="com.tsi.training.charlie_gilliland.minesweeper.tests.GridTest.testPopulateGrid" time="0.001"/>
  <testcase classname="com.tsi.training.charlie_gilliland.minesweeper.tests.GridTest" name="com.tsi.training.charlie_gilliland.minesweeper.tests.GridTest.testGetAndSetTotalBombs" time="0"/>
  <testcase classname="com.tsi.training.charlie_gilliland.minesweeper.tests.GridTest" name="com.tsi.training.charlie_gilliland.minesweeper.tests.GridTest.testShowAdjacentCleared" time="0"/>
  <testcase classname="com.tsi.training.charlie_gilliland.minesweeper.tests.GridTest" name="com.tsi.training.charlie_gilliland.minesweeper.tests.GridTest.testCheckBoardCleared" time="0.002"/>
  <testcase classname="com.tsi.training.charlie_gilliland.minesweeper.tests.GridTest" name="com.tsi.training.charlie_gilliland.minesweeper.tests.GridTest.testShowsBombsNearby" time="0"/>
  <testcase classname="com.tsi.training.charlie_gilliland.minesweeper.tests.GridTest" name="com.tsi.training.charlie_gilliland.minesweeper.tests.GridTest.testCheckFlaggedCorrect" time="0"/>
</testsuite>